# JRE version: OpenJDK Runtime Environment Temurin-17.0.1+12 (17.0.1+12) (build 17.0.1+12)
# Java VM: OpenJDK 64-Bit Server VM Temurin-17.0.1+12 (17.0.1+12, mixed mode, tiered, compressed oops, compressed class ptrs, g1 gc, windows-amd64)
GC Precious Log:
 CPUs: 4 total, 4 available
 Memory: 15320M
 Large Page Support: Disabled
 NUMA Support: Disabled
 Compressed Oops: Enabled (Zero based)
 Heap Region Size: 2M
 Heap Min Capacity: 8M
 Heap Initial Capacity: 240M
 Heap Max Capacity: 3832M
 Pre-touch: Disabled
 Parallel Workers: 4
 Concurrent Workers: 1
 Concurrent Refinement Workers: 4
 Periodic GC: Disabled
Heap:
 garbage-first heap   total 245760K, used 32877K [0x0000000710800000, 0x0000000800000000)
  region size 2048K, 14 young (28672K), 2 survivors (4096K)
 Metaspace       used 21228K, committed 21376K, reserved 1073152K
  class space    used 2408K, committed 2496K, reserved 1048576K
GC Heap History (6 events):
Event: 5.508 GC heap before
{Heap before GC invocations=0 (full 0):
 garbage-first heap   total 245760K, used 10240K [0x0000000710800000, 0x0000000800000000)
  region size 2048K, 6 young (12288K), 0 survivors (0K)
 Metaspace       used 7253K, committed 7424K, reserved 1056768K
  class space    used 621K, committed 704K, reserved 1048576K
}
Event: 5.528 GC heap after
{Heap after GC invocations=1 (full 0):
 garbage-first heap   total 245760K, used 7710K [0x0000000710800000, 0x0000000800000000)
  region size 2048K, 1 young (2048K), 1 survivors (2048K)
 Metaspace       used 7253K, committed 7424K, reserved 1056768K
  class space    used 621K, committed 704K, reserved 1048576K
}
Event: 9.093 GC heap before
{Heap before GC invocations=1 (full 0):
 garbage-first heap   total 245760K, used 17950K [0x0000000710800000, 0x0000000800000000)
  region size 2048K, 6 young (12288K), 1 survivors (2048K)
 Metaspace       used 11081K, committed 11264K, reserved 1064960K
  class space    used 1121K, committed 1216K, reserved 1048576K
}
Event: 9.106 GC heap after
{Heap after GC invocations=2 (full 0):
 garbage-first heap   total 245760K, used 8580K [0x0000000710800000, 0x0000000800000000)
  region size 2048K, 1 young (2048K), 1 survivors (2048K)
 Metaspace       used 11081K, committed 11264K, reserved 1064960K
  class space    used 1121K, committed 1216K, reserved 1048576K
}
Event: 12.064 GC heap before
{Heap before GC invocations=2 (full 0):
 garbage-first heap   total 245760K, used 24964K [0x0000000710800000, 0x0000000800000000)
  region size 2048K, 9 young (18432K), 1 survivors (2048K)
 Metaspace       used 16124K, committed 16320K, reserved 1064960K
  class space    used 1714K, committed 1792K, reserved 1048576K
}
Event: 12.076 GC heap after
{Heap after GC invocations=3 (full 0):
 garbage-first heap   total 245760K, used 10349K [0x0000000710800000, 0x0000000800000000)
  region size 2048K, 2 young (4096K), 2 survivors (4096K)
 Metaspace       used 16124K, committed 16320K, reserved 1064960K
  class space    used 1714K, committed 1792K, reserved 1048576K
}

